<?xml version="1.0" encoding="UTF-8"?>
<testsuite xmlns:xsi="http://www.w3.org/2001/XMLSchema-instance" xsi:noNamespaceSchemaLocation="https://maven.apache.org/surefire/maven-surefire-plugin/xsd/surefire-test-report-3.0.xsd" version="3.0" name="ua.edu.practice.service.OrderServiceTest" time="2.294" tests="11" errors="0" skipped="0" failures="0">
  <properties>
[...]
</properties>
  <testcase name="cancelOrder_ValidOrderId_Success" classname="ua.edu.practice.service.OrderServiceTest" time="2.098">
    <system-out><![CDATA[09:20:07.584 [main] INFO ua.edu.practice.service.OrderService -- Cancelling order: ORD-123456
09:20:07.611 [main] INFO ua.edu.practice.service.OrderService -- Order cancelled: ORD-123456
]]></system-out>
    <system-err><![CDATA[WARNING: A Java agent has been loaded dynamically (/home/yarik/.m2/repository/net/bytebuddy/byte-buddy-agent/1.14.9/byte-buddy-agent-1.14.9.jar)
WARNING: If a serviceability tool is in use, please run with -XX:+EnableDynamicAgentLoading to hide this warning
WARNING: If a serviceability tool is not in use, please run with -Djdk.instrument.traceUsage for more information
WARNING: Dynamic loading of agents will be disallowed by default in a future release
]]></system-err>
  </testcase>
  <testcase name="updateOrderStatus_ValidData_Success" classname="ua.edu.practice.service.OrderServiceTest" time="0.018">
    <system-out><![CDATA[09:20:07.742 [main] INFO ua.edu.practice.service.OrderService -- Order ORD-123456 status updated to: PROCESSING
]]></system-out>
  </testcase>
  <testcase name="processPayment_InsufficientFunds_ThrowsException" classname="ua.edu.practice.service.OrderServiceTest" time="0.023">
    <system-out><![CDATA[09:20:07.767 [main] INFO ua.edu.practice.service.OrderService -- Processing payment for order: ORD-123456 with amount: 100.00
]]></system-out>
  </testcase>
  <testcase name="createOrder_ValidData_Success" classname="ua.edu.practice.service.OrderServiceTest" time="0.021">
    <system-out><![CDATA[09:20:07.790 [main] INFO ua.edu.practice.service.OrderService -- Creating order for customer: customer1
09:20:07.790 [main] INFO ua.edu.practice.service.OrderService -- Order created with ID: 1
]]></system-out>
  </testcase>
  <testcase name="processPayment_ValidData_Success" classname="ua.edu.practice.service.OrderServiceTest" time="0.011">
    <system-out><![CDATA[09:20:07.807 [main] INFO ua.edu.practice.service.OrderService -- Processing payment for order: ORD-123456 with amount: 100.00
09:20:07.808 [main] INFO ua.edu.practice.service.OrderService -- Payment processed successfully for order: ORD-123456
]]></system-out>
  </testcase>
  <testcase name="getOrderById_InvalidId_ThrowsException" classname="ua.edu.practice.service.OrderServiceTest" time="0.009"/>
  <testcase name="getOrdersByCustomerId_ValidCustomerId_ReturnsOrders" classname="ua.edu.practice.service.OrderServiceTest" time="0.012"/>
  <testcase name="getOrderById_ValidId_ReturnsOrder" classname="ua.edu.practice.service.OrderServiceTest" time="0.007"/>
  <testcase name="generateOrderId_Always_ReturnsUniqueId" classname="ua.edu.practice.service.OrderServiceTest" time="0.009"/>
  <testcase name="cancelOrder_DeliveredOrder_ThrowsException" classname="ua.edu.practice.service.OrderServiceTest" time="0.006">
    <system-out><![CDATA[09:20:07.862 [main] INFO ua.edu.practice.service.OrderService -- Cancelling order: ORD-123456
]]></system-out>
  </testcase>
  <testcase name="getOrderByOrderId_ValidOrderId_ReturnsOrder" classname="ua.edu.practice.service.OrderServiceTest" time="0.006"/>
</testsuite>