<?xml version="1.0" encoding="UTF-8"?>
<testsuite xmlns:xsi="http://www.w3.org/2001/XMLSchema-instance" xsi:noNamespaceSchemaLocation="https://maven.apache.org/surefire/maven-surefire-plugin/xsd/surefire-test-report-3.0.xsd" version="3.0" name="ua.edu.practice.integration.OrderRepositoryIntegrationTest" time="6.209" tests="9" errors="0" skipped="0" failures="0">
  <properties>
[...]
</properties>
  <testcase name="updateOrder_StatusChange_UpdatesTimestamp" classname="ua.edu.practice.integration.OrderRepositoryIntegrationTest" time="0.908">
    <system-out><![CDATA[09:17:35.678 [main] INFO org.springframework.test.context.support.AnnotationConfigContextLoaderUtils -- Could not detect default configuration classes for test class [ua.edu.practice.integration.OrderRepositoryIntegrationTest]: OrderRepositoryIntegrationTest does not declare any static, non-private, non-final, nested classes annotated with @Configuration.
09:17:35.841 [main] INFO org.springframework.boot.test.context.SpringBootTestContextBootstrapper -- Found @SpringBootConfiguration ua.edu.practice.EnterpriseTestingApplication for test class ua.edu.practice.integration.OrderRepositoryIntegrationTest

  .   ____          _            __ _ _
 /\\ / ___'_ __ _ _(_)_ __  __ _ \ \ \ \
( ( )\___ | '_ | '_| | '_ \/ _` | \ \ \ \
 \\/  ___)| |_)| | | | | || (_| |  ) ) ) )
  '  |____| .__|_| |_|_| |_\__, | / / / /
 =========|_|==============|___/=/_/_/_/
 :: Spring Boot ::                (v3.1.5)

2025-10-05T09:17:36.460Z  INFO 12986 --- [           main] u.e.p.i.OrderRepositoryIntegrationTest   : Starting OrderRepositoryIntegrationTest using Java 21.0.8 with PID 12986 (started by yarik in /home/yarik/eu/eu-enterprise-programming-java/practice-10)
2025-10-05T09:17:36.461Z  INFO 12986 --- [           main] u.e.p.i.OrderRepositoryIntegrationTest   : The following 1 profile is active: "test"
2025-10-05T09:17:38.396Z  WARN 12986 --- [           main] org.hibernate.dialect.Dialect            : HHH000511: The 2.1.0 version for [org.hibernate.dialect.PostgreSQLDialect] is no longer supported, hence certain features may not work properly. The minimum supported version is 10.0.0. Check the community dialects project for available legacy versions.
2025-10-05T09:17:38.403Z  WARN 12986 --- [           main] org.hibernate.orm.deprecation            : HHH90000025: PostgreSQLDialect does not need to be specified explicitly using 'hibernate.dialect' (remove the property setting and it will be selected by default)
Hibernate: drop table if exists orders cascade
Hibernate: create table orders (amount numeric(10,2) not null, created_at timestamp(6) not null, id bigserial not null, updated_at timestamp(6), customer_id varchar(255) not null, order_id varchar(255) not null unique, product_name varchar(255) not null, status varchar(255) not null check (status in ('NEW','PROCESSING','PAID','SHIPPED','DELIVERED','CANCELLED')), primary key (id))
2025-10-05T09:17:40.421Z  INFO 12986 --- [           main] u.e.p.i.OrderRepositoryIntegrationTest   : Started OrderRepositoryIntegrationTest in 4.478 seconds (process running for 5.968)
Hibernate: insert into orders (amount,created_at,customer_id,order_id,product_name,status,updated_at) values (?,?,?,?,?,?,?)
Hibernate: insert into orders (amount,created_at,customer_id,order_id,product_name,status,updated_at) values (?,?,?,?,?,?,?)
Hibernate: insert into orders (amount,created_at,customer_id,order_id,product_name,status,updated_at) values (?,?,?,?,?,?,?)
Hibernate: update orders set amount=?,created_at=?,customer_id=?,order_id=?,product_name=?,status=?,updated_at=? where id=?
Hibernate: select o1_0.id,o1_0.amount,o1_0.created_at,o1_0.customer_id,o1_0.order_id,o1_0.product_name,o1_0.status,o1_0.updated_at from orders o1_0 where o1_0.id=?
]]></system-out>
    <system-err><![CDATA[WARNING: A Java agent has been loaded dynamically (/home/yarik/.m2/repository/net/bytebuddy/byte-buddy-agent/1.14.9/byte-buddy-agent-1.14.9.jar)
WARNING: If a serviceability tool is in use, please run with -XX:+EnableDynamicAgentLoading to hide this warning
WARNING: If a serviceability tool is not in use, please run with -Djdk.instrument.traceUsage for more information
WARNING: Dynamic loading of agents will be disallowed by default in a future release
]]></system-err>
  </testcase>
  <testcase name="findByOrderId_ValidOrderId_ReturnsOrder" classname="ua.edu.practice.integration.OrderRepositoryIntegrationTest" time="0.078">
    <system-out><![CDATA[Hibernate: insert into orders (amount,created_at,customer_id,order_id,product_name,status,updated_at) values (?,?,?,?,?,?,?)
Hibernate: insert into orders (amount,created_at,customer_id,order_id,product_name,status,updated_at) values (?,?,?,?,?,?,?)
Hibernate: insert into orders (amount,created_at,customer_id,order_id,product_name,status,updated_at) values (?,?,?,?,?,?,?)
Hibernate: select o1_0.id,o1_0.amount,o1_0.created_at,o1_0.customer_id,o1_0.order_id,o1_0.product_name,o1_0.status,o1_0.updated_at from orders o1_0 where o1_0.order_id=?
]]></system-out>
  </testcase>
  <testcase name="findByStatus_ValidStatus_ReturnsOrders" classname="ua.edu.practice.integration.OrderRepositoryIntegrationTest" time="0.035">
    <system-out><![CDATA[Hibernate: insert into orders (amount,created_at,customer_id,order_id,product_name,status,updated_at) values (?,?,?,?,?,?,?)
Hibernate: insert into orders (amount,created_at,customer_id,order_id,product_name,status,updated_at) values (?,?,?,?,?,?,?)
Hibernate: insert into orders (amount,created_at,customer_id,order_id,product_name,status,updated_at) values (?,?,?,?,?,?,?)
Hibernate: select o1_0.id,o1_0.amount,o1_0.created_at,o1_0.customer_id,o1_0.order_id,o1_0.product_name,o1_0.status,o1_0.updated_at from orders o1_0 where o1_0.status=?
]]></system-out>
  </testcase>
  <testcase name="findByCustomerId_ValidCustomerId_ReturnsOrders" classname="ua.edu.practice.integration.OrderRepositoryIntegrationTest" time="0.029">
    <system-out><![CDATA[Hibernate: insert into orders (amount,created_at,customer_id,order_id,product_name,status,updated_at) values (?,?,?,?,?,?,?)
Hibernate: insert into orders (amount,created_at,customer_id,order_id,product_name,status,updated_at) values (?,?,?,?,?,?,?)
Hibernate: insert into orders (amount,created_at,customer_id,order_id,product_name,status,updated_at) values (?,?,?,?,?,?,?)
Hibernate: select o1_0.id,o1_0.amount,o1_0.created_at,o1_0.customer_id,o1_0.order_id,o1_0.product_name,o1_0.status,o1_0.updated_at from orders o1_0 where o1_0.customer_id=?
]]></system-out>
  </testcase>
  <testcase name="findByOrderId_InvalidOrderId_ReturnsEmpty" classname="ua.edu.practice.integration.OrderRepositoryIntegrationTest" time="0.021">
    <system-out><![CDATA[Hibernate: insert into orders (amount,created_at,customer_id,order_id,product_name,status,updated_at) values (?,?,?,?,?,?,?)
Hibernate: insert into orders (amount,created_at,customer_id,order_id,product_name,status,updated_at) values (?,?,?,?,?,?,?)
Hibernate: insert into orders (amount,created_at,customer_id,order_id,product_name,status,updated_at) values (?,?,?,?,?,?,?)
Hibernate: select o1_0.id,o1_0.amount,o1_0.created_at,o1_0.customer_id,o1_0.order_id,o1_0.product_name,o1_0.status,o1_0.updated_at from orders o1_0 where o1_0.order_id=?
]]></system-out>
  </testcase>
  <testcase name="countByStatus_ValidStatus_ReturnsCount" classname="ua.edu.practice.integration.OrderRepositoryIntegrationTest" time="0.033">
    <system-out><![CDATA[Hibernate: insert into orders (amount,created_at,customer_id,order_id,product_name,status,updated_at) values (?,?,?,?,?,?,?)
Hibernate: insert into orders (amount,created_at,customer_id,order_id,product_name,status,updated_at) values (?,?,?,?,?,?,?)
Hibernate: insert into orders (amount,created_at,customer_id,order_id,product_name,status,updated_at) values (?,?,?,?,?,?,?)
Hibernate: select count(o1_0.id) from orders o1_0 where o1_0.status=?
Hibernate: select count(o1_0.id) from orders o1_0 where o1_0.status=?
Hibernate: select count(o1_0.id) from orders o1_0 where o1_0.status=?
]]></system-out>
  </testcase>
  <testcase name="findByAmountBetween_ValidRange_ReturnsOrders" classname="ua.edu.practice.integration.OrderRepositoryIntegrationTest" time="0.029">
    <system-out><![CDATA[Hibernate: insert into orders (amount,created_at,customer_id,order_id,product_name,status,updated_at) values (?,?,?,?,?,?,?)
Hibernate: insert into orders (amount,created_at,customer_id,order_id,product_name,status,updated_at) values (?,?,?,?,?,?,?)
Hibernate: insert into orders (amount,created_at,customer_id,order_id,product_name,status,updated_at) values (?,?,?,?,?,?,?)
Hibernate: select o1_0.id,o1_0.amount,o1_0.created_at,o1_0.customer_id,o1_0.order_id,o1_0.product_name,o1_0.status,o1_0.updated_at from orders o1_0 where o1_0.amount between ? and ?
]]></system-out>
  </testcase>
  <testcase name="saveOrder_AllFields_RetrievesCorrectly" classname="ua.edu.practice.integration.OrderRepositoryIntegrationTest" time="0.022">
    <system-out><![CDATA[Hibernate: insert into orders (amount,created_at,customer_id,order_id,product_name,status,updated_at) values (?,?,?,?,?,?,?)
Hibernate: insert into orders (amount,created_at,customer_id,order_id,product_name,status,updated_at) values (?,?,?,?,?,?,?)
Hibernate: insert into orders (amount,created_at,customer_id,order_id,product_name,status,updated_at) values (?,?,?,?,?,?,?)
Hibernate: insert into orders (amount,created_at,customer_id,order_id,product_name,status,updated_at) values (?,?,?,?,?,?,?)
Hibernate: select o1_0.id,o1_0.amount,o1_0.created_at,o1_0.customer_id,o1_0.order_id,o1_0.product_name,o1_0.status,o1_0.updated_at from orders o1_0 where o1_0.id=?
]]></system-out>
  </testcase>
  <testcase name="findByAmountGreaterThan_ValidAmount_ReturnsOrders" classname="ua.edu.practice.integration.OrderRepositoryIntegrationTest" time="0.02">
    <system-out><![CDATA[Hibernate: insert into orders (amount,created_at,customer_id,order_id,product_name,status,updated_at) values (?,?,?,?,?,?,?)
Hibernate: insert into orders (amount,created_at,customer_id,order_id,product_name,status,updated_at) values (?,?,?,?,?,?,?)
Hibernate: insert into orders (amount,created_at,customer_id,order_id,product_name,status,updated_at) values (?,?,?,?,?,?,?)
Hibernate: select o1_0.id,o1_0.amount,o1_0.created_at,o1_0.customer_id,o1_0.order_id,o1_0.product_name,o1_0.status,o1_0.updated_at from orders o1_0 where o1_0.amount>?
]]></system-out>
  </testcase>
</testsuite>