<?xml version="1.0" encoding="UTF-8"?>
<testsuite xmlns:xsi="http://www.w3.org/2001/XMLSchema-instance" xsi:noNamespaceSchemaLocation="https://maven.apache.org/surefire/maven-surefire-plugin/xsd/surefire-test-report-3.0.xsd" version="3.0" name="ua.edu.practice.controller.OrderControllerTest" time="1.79" tests="11" errors="0" skipped="0" failures="2">
  <properties>
[...]
</properties>
  <testcase name="getOrderByOrderId_ValidOrderId_Success" classname="ua.edu.practice.controller.OrderControllerTest" time="0.205">
    <system-out><![CDATA[
  .   ____          _            __ _ _
 /\\ / ___'_ __ _ _(_)_ __  __ _ \ \ \ \
( ( )\___ | '_ | '_| | '_ \/ _` | \ \ \ \
 \\/  ___)| |_)| | | | | || (_| |  ) ) ) )
  '  |____| .__|_| |_|_| |_\__, | / / / /
 =========|_|==============|___/=/_/_/_/
 :: Spring Boot ::                (v3.1.5)

2025-10-05T09:18:51.302Z  INFO 12986 --- [           main] u.e.p.controller.OrderControllerTest     : Starting OrderControllerTest using Java 21.0.8 with PID 12986 (started by yarik in /home/yarik/eu/eu-enterprise-programming-java/practice-10)
2025-10-05T09:18:51.303Z DEBUG 12986 --- [           main] u.e.p.controller.OrderControllerTest     : Running with Spring Boot v3.1.5, Spring v6.0.13
2025-10-05T09:18:51.303Z  INFO 12986 --- [           main] u.e.p.controller.OrderControllerTest     : No active profile set, falling back to 1 default profile: "default"
2025-10-05T09:18:51.305Z DEBUG 12986 --- [           main] o.s.w.c.s.GenericWebApplicationContext   : Refreshing org.springframework.web.context.support.GenericWebApplicationContext@45995714
2025-10-05T09:18:51.707Z DEBUG 12986 --- [           main] s.w.s.m.m.a.RequestMappingHandlerAdapter : ControllerAdvice beans: 0 @ModelAttribute, 0 @InitBinder, 1 RequestBodyAdvice, 1 ResponseBodyAdvice
2025-10-05T09:18:51.829Z DEBUG 12986 --- [           main] s.w.s.m.m.a.RequestMappingHandlerMapping : 12 mappings in 'requestMappingHandlerMapping'
2025-10-05T09:18:51.860Z DEBUG 12986 --- [           main] o.s.w.s.handler.SimpleUrlHandlerMapping  : Patterns [/webjars/**, /**] in 'resourceHandlerMapping'
2025-10-05T09:18:51.867Z DEBUG 12986 --- [           main] .m.m.a.ExceptionHandlerExceptionResolver : ControllerAdvice beans: 0 @ExceptionHandler, 1 ResponseBodyAdvice
2025-10-05T09:18:51.900Z  WARN 12986 --- [           main] .b.a.g.t.GroovyTemplateAutoConfiguration : Cannot find template location: classpath:/templates/ (please add some templates, check your Groovy configuration, or set spring.groovy.template.check-template-location=false)
2025-10-05T09:18:52.509Z  INFO 12986 --- [           main] o.s.s.web.DefaultSecurityFilterChain     : Will secure any request with [org.springframework.security.web.session.DisableEncodeUrlFilter@1a37a327, org.springframework.security.web.context.request.async.WebAsyncManagerIntegrationFilter@4558da43, org.springframework.security.web.context.SecurityContextHolderFilter@334f02c4, org.springframework.security.web.header.HeaderWriterFilter@191cea68, org.springframework.security.web.csrf.CsrfFilter@7f547f44, org.springframework.security.web.authentication.logout.LogoutFilter@477e55ee, org.springframework.security.web.authentication.UsernamePasswordAuthenticationFilter@775e031b, org.springframework.security.web.authentication.ui.DefaultLoginPageGeneratingFilter@5bd3f1b3, org.springframework.security.web.authentication.ui.DefaultLogoutPageGeneratingFilter@3a128812, org.springframework.security.web.authentication.www.BasicAuthenticationFilter@110dd705, org.springframework.security.web.savedrequest.RequestCacheAwareFilter@12f3fa74, org.springframework.security.web.servletapi.SecurityContextHolderAwareRequestFilter@657eb2c4, org.springframework.security.web.authentication.AnonymousAuthenticationFilter@678e0123, org.springframework.security.web.access.ExceptionTranslationFilter@e05cdb9, org.springframework.security.web.access.intercept.AuthorizationFilter@28edccfc]
2025-10-05T09:18:52.585Z  INFO 12986 --- [           main] o.s.b.t.m.w.SpringBootMockServletContext : Initializing Spring TestDispatcherServlet ''
2025-10-05T09:18:52.585Z  INFO 12986 --- [           main] o.s.t.web.servlet.TestDispatcherServlet  : Initializing Servlet ''
2025-10-05T09:18:52.586Z  INFO 12986 --- [           main] o.s.t.web.servlet.TestDispatcherServlet  : Completed initialization in 1 ms
2025-10-05T09:18:52.598Z  INFO 12986 --- [           main] u.e.p.controller.OrderControllerTest     : Started OrderControllerTest in 1.322 seconds (process running for 70.974)
2025-10-05T09:18:52.637Z DEBUG 12986 --- [           main] w.c.HttpSessionSecurityContextRepository : Created HttpSession as SecurityContext is non-default
2025-10-05T09:18:52.638Z DEBUG 12986 --- [           main] w.c.HttpSessionSecurityContextRepository : Stored SecurityContextImpl [Authentication=UsernamePasswordAuthenticationToken [Principal=org.springframework.security.core.userdetails.User [Username=user, Password=[PROTECTED], Enabled=true, AccountNonExpired=true, credentialsNonExpired=true, AccountNonLocked=true, Granted Authorities=[ROLE_USER]], Credentials=[PROTECTED], Authenticated=true, Details=null, Granted Authorities=[ROLE_USER]]] to HttpSession [org.springframework.mock.web.MockHttpSession@97c2bfb]
2025-10-05T09:18:52.641Z DEBUG 12986 --- [           main] o.s.security.web.FilterChainProxy        : Securing GET /api/orders/order/ORD-123456
2025-10-05T09:18:52.647Z DEBUG 12986 --- [           main] w.c.HttpSessionSecurityContextRepository : Retrieved SecurityContextImpl [Authentication=UsernamePasswordAuthenticationToken [Principal=org.springframework.security.core.userdetails.User [Username=user, Password=[PROTECTED], Enabled=true, AccountNonExpired=true, credentialsNonExpired=true, AccountNonLocked=true, Granted Authorities=[ROLE_USER]], Credentials=[PROTECTED], Authenticated=true, Details=null, Granted Authorities=[ROLE_USER]]]
2025-10-05T09:18:52.647Z DEBUG 12986 --- [           main] o.s.security.web.FilterChainProxy        : Secured GET /api/orders/order/ORD-123456
2025-10-05T09:18:52.664Z DEBUG 12986 --- [           main] s.w.s.m.m.a.RequestMappingHandlerMapping : Mapped to ua.edu.practice.controller.OrderController#getOrderByOrderId(String)
2025-10-05T09:18:52.684Z  INFO 12986 --- [           main] u.e.practice.controller.OrderController  : Getting order by orderId: ORD-123456
2025-10-05T09:18:52.731Z DEBUG 12986 --- [           main] o.s.w.s.m.m.a.HttpEntityMethodProcessor  : Using 'application/json', given [*/*] and supported [application/json, application/*+json]
2025-10-05T09:18:52.737Z DEBUG 12986 --- [           main] o.s.w.s.m.m.a.HttpEntityMethodProcessor  : Writing [Order(id=1, orderId=ORD-123456, customerId=customer1, productName=Test Product, amount=100.00, statu (truncated)...]
]]></system-out>
  </testcase>
  <testcase name="cancelOrder_ValidOrderId_Success" classname="ua.edu.practice.controller.OrderControllerTest" time="0.014">
    <system-out><![CDATA[2025-10-05T09:18:52.817Z DEBUG 12986 --- [           main] w.c.HttpSessionSecurityContextRepository : Created HttpSession as SecurityContext is non-default
2025-10-05T09:18:52.817Z DEBUG 12986 --- [           main] w.c.HttpSessionSecurityContextRepository : Stored SecurityContextImpl [Authentication=UsernamePasswordAuthenticationToken [Principal=org.springframework.security.core.userdetails.User [Username=user, Password=[PROTECTED], Enabled=true, AccountNonExpired=true, credentialsNonExpired=true, AccountNonLocked=true, Granted Authorities=[ROLE_USER]], Credentials=[PROTECTED], Authenticated=true, Details=null, Granted Authorities=[ROLE_USER]]] to HttpSession [org.springframework.mock.web.MockHttpSession@269607a4]
2025-10-05T09:18:52.819Z DEBUG 12986 --- [           main] o.s.security.web.FilterChainProxy        : Securing DELETE /api/orders/ORD-123456
2025-10-05T09:18:52.820Z DEBUG 12986 --- [           main] w.c.HttpSessionSecurityContextRepository : Retrieved SecurityContextImpl [Authentication=UsernamePasswordAuthenticationToken [Principal=org.springframework.security.core.userdetails.User [Username=user, Password=[PROTECTED], Enabled=true, AccountNonExpired=true, credentialsNonExpired=true, AccountNonLocked=true, Granted Authorities=[ROLE_USER]], Credentials=[PROTECTED], Authenticated=true, Details=null, Granted Authorities=[ROLE_USER]]]
2025-10-05T09:18:52.820Z DEBUG 12986 --- [           main] o.s.security.web.FilterChainProxy        : Secured DELETE /api/orders/ORD-123456
2025-10-05T09:18:52.821Z DEBUG 12986 --- [           main] s.w.s.m.m.a.RequestMappingHandlerMapping : Mapped to ua.edu.practice.controller.OrderController#cancelOrder(String)
2025-10-05T09:18:52.822Z  INFO 12986 --- [           main] u.e.practice.controller.OrderController  : Cancelling order: ORD-123456
2025-10-05T09:18:52.823Z DEBUG 12986 --- [           main] o.s.w.s.m.m.a.HttpEntityMethodProcessor  : Using 'application/json', given [*/*] and supported [application/json, application/*+json]
2025-10-05T09:18:52.823Z DEBUG 12986 --- [           main] o.s.w.s.m.m.a.HttpEntityMethodProcessor  : Writing [Order(id=1, orderId=ORD-123456, customerId=customer1, productName=Test Product, amount=100.00, statu (truncated)...]
]]></system-out>
  </testcase>
  <testcase name="getAllOrders_UserRole_Returns403" classname="ua.edu.practice.controller.OrderControllerTest" time="0.013">
    <failure message="Status expected:&lt;403&gt; but was:&lt;200&gt;" type="java.lang.AssertionError"><![CDATA[java.lang.AssertionError: Status expected:<403> but was:<200>
	at org.springframework.test.util.AssertionErrors.fail(AssertionErrors.java:59)
	at org.springframework.test.util.AssertionErrors.assertEquals(AssertionErrors.java:122)
	at org.springframework.test.web.servlet.result.StatusResultMatchers.lambda$matcher$9(StatusResultMatchers.java:637)
	at org.springframework.test.web.servlet.MockMvc$1.andExpect(MockMvc.java:214)
	at ua.edu.practice.controller.OrderControllerTest.getAllOrders_UserRole_Returns403(OrderControllerTest.java:148)
	at java.base/jdk.internal.reflect.DirectMethodHandleAccessor.invoke(DirectMethodHandleAccessor.java:103)
	at java.base/java.lang.reflect.Method.invoke(Method.java:580)
	at org.junit.platform.commons.util.ReflectionUtils.invokeMethod(ReflectionUtils.java:727)
	at org.junit.jupiter.engine.execution.MethodInvocation.proceed(MethodInvocation.java:60)
	at org.junit.jupiter.engine.execution.InvocationInterceptorChain$ValidatingInvocation.proceed(InvocationInterceptorChain.java:131)
	at org.junit.jupiter.engine.extension.TimeoutExtension.intercept(TimeoutExtension.java:156)
	at org.junit.jupiter.engine.extension.TimeoutExtension.interceptTestableMethod(TimeoutExtension.java:147)
	at org.junit.jupiter.engine.extension.TimeoutExtension.interceptTestMethod(TimeoutExtension.java:86)
	at org.junit.jupiter.engine.execution.InterceptingExecutableInvoker$ReflectiveInterceptorCall.lambda$ofVoidMethod$0(InterceptingExecutableInvoker.java:103)
	at org.junit.jupiter.engine.execution.InterceptingExecutableInvoker.lambda$invoke$0(InterceptingExecutableInvoker.java:93)
	at org.junit.jupiter.engine.execution.InvocationInterceptorChain$InterceptedInvocation.proceed(InvocationInterceptorChain.java:106)
	at org.junit.jupiter.engine.execution.InvocationInterceptorChain.proceed(InvocationInterceptorChain.java:64)
	at org.junit.jupiter.engine.execution.InvocationInterceptorChain.chainAndInvoke(InvocationInterceptorChain.java:45)
	at org.junit.jupiter.engine.execution.InvocationInterceptorChain.invoke(InvocationInterceptorChain.java:37)
	at org.junit.jupiter.engine.execution.InterceptingExecutableInvoker.invoke(InterceptingExecutableInvoker.java:92)
	at org.junit.jupiter.engine.execution.InterceptingExecutableInvoker.invoke(InterceptingExecutableInvoker.java:86)
	at org.junit.jupiter.engine.descriptor.TestMethodTestDescriptor.lambda$invokeTestMethod$7(TestMethodTestDescriptor.java:217)
	at org.junit.platform.engine.support.hierarchical.ThrowableCollector.execute(ThrowableCollector.java:73)
	at org.junit.jupiter.engine.descriptor.TestMethodTestDescriptor.invokeTestMethod(TestMethodTestDescriptor.java:213)
	at org.junit.jupiter.engine.descriptor.TestMethodTestDescriptor.execute(TestMethodTestDescriptor.java:138)
	at org.junit.jupiter.engine.descriptor.TestMethodTestDescriptor.execute(TestMethodTestDescriptor.java:68)
	at org.junit.platform.engine.support.hierarchical.NodeTestTask.lambda$executeRecursively$6(NodeTestTask.java:151)
	at org.junit.platform.engine.support.hierarchical.ThrowableCollector.execute(ThrowableCollector.java:73)
	at org.junit.platform.engine.support.hierarchical.NodeTestTask.lambda$executeRecursively$8(NodeTestTask.java:141)
	at org.junit.platform.engine.support.hierarchical.Node.around(Node.java:137)
	at org.junit.platform.engine.support.hierarchical.NodeTestTask.lambda$executeRecursively$9(NodeTestTask.java:139)
	at org.junit.platform.engine.support.hierarchical.ThrowableCollector.execute(ThrowableCollector.java:73)
	at org.junit.platform.engine.support.hierarchical.NodeTestTask.executeRecursively(NodeTestTask.java:138)
	at org.junit.platform.engine.support.hierarchical.NodeTestTask.execute(NodeTestTask.java:95)
	at java.base/java.util.ArrayList.forEach(ArrayList.java:1596)
	at org.junit.platform.engine.support.hierarchical.SameThreadHierarchicalTestExecutorService.invokeAll(SameThreadHierarchicalTestExecutorService.java:41)
	at org.junit.platform.engine.support.hierarchical.NodeTestTask.lambda$executeRecursively$6(NodeTestTask.java:155)
	at org.junit.platform.engine.support.hierarchical.ThrowableCollector.execute(ThrowableCollector.java:73)
	at org.junit.platform.engine.support.hierarchical.NodeTestTask.lambda$executeRecursively$8(NodeTestTask.java:141)
	at org.junit.platform.engine.support.hierarchical.Node.around(Node.java:137)
	at org.junit.platform.engine.support.hierarchical.NodeTestTask.lambda$executeRecursively$9(NodeTestTask.java:139)
	at org.junit.platform.engine.support.hierarchical.ThrowableCollector.execute(ThrowableCollector.java:73)
	at org.junit.platform.engine.support.hierarchical.NodeTestTask.executeRecursively(NodeTestTask.java:138)
	at org.junit.platform.engine.support.hierarchical.NodeTestTask.execute(NodeTestTask.java:95)
	at java.base/java.util.ArrayList.forEach(ArrayList.java:1596)
	at org.junit.platform.engine.support.hierarchical.SameThreadHierarchicalTestExecutorService.invokeAll(SameThreadHierarchicalTestExecutorService.java:41)
	at org.junit.platform.engine.support.hierarchical.NodeTestTask.lambda$executeRecursively$6(NodeTestTask.java:155)
	at org.junit.platform.engine.support.hierarchical.ThrowableCollector.execute(ThrowableCollector.java:73)
	at org.junit.platform.engine.support.hierarchical.NodeTestTask.lambda$executeRecursively$8(NodeTestTask.java:141)
	at org.junit.platform.engine.support.hierarchical.Node.around(Node.java:137)
	at org.junit.platform.engine.support.hierarchical.NodeTestTask.lambda$executeRecursively$9(NodeTestTask.java:139)
	at org.junit.platform.engine.support.hierarchical.ThrowableCollector.execute(ThrowableCollector.java:73)
	at org.junit.platform.engine.support.hierarchical.NodeTestTask.executeRecursively(NodeTestTask.java:138)
	at org.junit.platform.engine.support.hierarchical.NodeTestTask.execute(NodeTestTask.java:95)
	at org.junit.platform.engine.support.hierarchical.SameThreadHierarchicalTestExecutorService.submit(SameThreadHierarchicalTestExecutorService.java:35)
	at org.junit.platform.engine.support.hierarchical.HierarchicalTestExecutor.execute(HierarchicalTestExecutor.java:57)
	at org.junit.platform.engine.support.hierarchical.HierarchicalTestEngine.execute(HierarchicalTestEngine.java:54)
	at org.junit.platform.launcher.core.EngineExecutionOrchestrator.execute(EngineExecutionOrchestrator.java:147)
	at org.junit.platform.launcher.core.EngineExecutionOrchestrator.execute(EngineExecutionOrchestrator.java:127)
	at org.junit.platform.launcher.core.EngineExecutionOrchestrator.execute(EngineExecutionOrchestrator.java:90)
	at org.junit.platform.launcher.core.EngineExecutionOrchestrator.lambda$execute$0(EngineExecutionOrchestrator.java:55)
	at org.junit.platform.launcher.core.EngineExecutionOrchestrator.withInterceptedStreams(EngineExecutionOrchestrator.java:102)
	at org.junit.platform.launcher.core.EngineExecutionOrchestrator.execute(EngineExecutionOrchestrator.java:54)
	at org.junit.platform.launcher.core.DefaultLauncher.execute(DefaultLauncher.java:114)
	at org.junit.platform.launcher.core.DefaultLauncher.execute(DefaultLauncher.java:86)
	at org.junit.platform.launcher.core.DefaultLauncherSession$DelegatingLauncher.execute(DefaultLauncherSession.java:86)
	at org.apache.maven.surefire.junitplatform.LazyLauncher.execute(LazyLauncher.java:50)
	at org.apache.maven.surefire.junitplatform.JUnitPlatformProvider.execute(JUnitPlatformProvider.java:184)
	at org.apache.maven.surefire.junitplatform.JUnitPlatformProvider.invokeAllTests(JUnitPlatformProvider.java:148)
	at org.apache.maven.surefire.junitplatform.JUnitPlatformProvider.invoke(JUnitPlatformProvider.java:122)
	at org.apache.maven.surefire.booter.ForkedBooter.runSuitesInProcess(ForkedBooter.java:385)
	at org.apache.maven.surefire.booter.ForkedBooter.execute(ForkedBooter.java:162)
	at org.apache.maven.surefire.booter.ForkedBooter.run(ForkedBooter.java:507)
	at org.apache.maven.surefire.booter.ForkedBooter.main(ForkedBooter.java:495)
]]></failure>
    <system-out><![CDATA[2025-10-05T09:18:52.833Z DEBUG 12986 --- [           main] w.c.HttpSessionSecurityContextRepository : Created HttpSession as SecurityContext is non-default
2025-10-05T09:18:52.833Z DEBUG 12986 --- [           main] w.c.HttpSessionSecurityContextRepository : Stored SecurityContextImpl [Authentication=UsernamePasswordAuthenticationToken [Principal=org.springframework.security.core.userdetails.User [Username=user, Password=[PROTECTED], Enabled=true, AccountNonExpired=true, credentialsNonExpired=true, AccountNonLocked=true, Granted Authorities=[ROLE_USER]], Credentials=[PROTECTED], Authenticated=true, Details=null, Granted Authorities=[ROLE_USER]]] to HttpSession [org.springframework.mock.web.MockHttpSession@3c7ace12]
2025-10-05T09:18:52.834Z DEBUG 12986 --- [           main] o.s.security.web.FilterChainProxy        : Securing GET /api/orders
2025-10-05T09:18:52.834Z DEBUG 12986 --- [           main] w.c.HttpSessionSecurityContextRepository : Retrieved SecurityContextImpl [Authentication=UsernamePasswordAuthenticationToken [Principal=org.springframework.security.core.userdetails.User [Username=user, Password=[PROTECTED], Enabled=true, AccountNonExpired=true, credentialsNonExpired=true, AccountNonLocked=true, Granted Authorities=[ROLE_USER]], Credentials=[PROTECTED], Authenticated=true, Details=null, Granted Authorities=[ROLE_USER]]]
2025-10-05T09:18:52.835Z DEBUG 12986 --- [           main] o.s.security.web.FilterChainProxy        : Secured GET /api/orders
2025-10-05T09:18:52.835Z DEBUG 12986 --- [           main] s.w.s.m.m.a.RequestMappingHandlerMapping : Mapped to ua.edu.practice.controller.OrderController#getAllOrders()
2025-10-05T09:18:52.835Z  INFO 12986 --- [           main] u.e.practice.controller.OrderController  : Getting all orders
2025-10-05T09:18:52.838Z DEBUG 12986 --- [           main] o.s.w.s.m.m.a.HttpEntityMethodProcessor  : Using 'application/json', given [*/*] and supported [application/json, application/*+json]
2025-10-05T09:18:52.838Z DEBUG 12986 --- [           main] o.s.w.s.m.m.a.HttpEntityMethodProcessor  : Writing [[]]

MockHttpServletRequest:
      HTTP Method = GET
      Request URI = /api/orders
       Parameters = {}
          Headers = []
             Body = null
    Session Attrs = {SPRING_SECURITY_CONTEXT=SecurityContextImpl [Authentication=UsernamePasswordAuthenticationToken [Principal=org.springframework.security.core.userdetails.User [Username=user, Password=[PROTECTED], Enabled=true, AccountNonExpired=true, credentialsNonExpired=true, AccountNonLocked=true, Granted Authorities=[ROLE_USER]], Credentials=[PROTECTED], Authenticated=true, Details=null, Granted Authorities=[ROLE_USER]]]}

Handler:
             Type = ua.edu.practice.controller.OrderController
           Method = ua.edu.practice.controller.OrderController#getAllOrders()

Async:
    Async started = false
     Async result = null

Resolved Exception:
             Type = null

ModelAndView:
        View name = null
             View = null
            Model = null

FlashMap:
       Attributes = null

MockHttpServletResponse:
           Status = 200
    Error message = null
          Headers = [Content-Type:"application/json", X-Content-Type-Options:"nosniff", X-XSS-Protection:"0", Cache-Control:"no-cache, no-store, max-age=0, must-revalidate", Pragma:"no-cache", Expires:"0", X-Frame-Options:"DENY"]
     Content type = application/json
             Body = []
    Forwarded URL = null
   Redirected URL = null
          Cookies = []
]]></system-out>
  </testcase>
  <testcase name="createOrder_ValidData_Success" classname="ua.edu.practice.controller.OrderControllerTest" time="0.07">
    <system-out><![CDATA[2025-10-05T09:18:52.854Z DEBUG 12986 --- [           main] w.c.HttpSessionSecurityContextRepository : Created HttpSession as SecurityContext is non-default
2025-10-05T09:18:52.855Z DEBUG 12986 --- [           main] w.c.HttpSessionSecurityContextRepository : Stored SecurityContextImpl [Authentication=UsernamePasswordAuthenticationToken [Principal=org.springframework.security.core.userdetails.User [Username=user, Password=[PROTECTED], Enabled=true, AccountNonExpired=true, credentialsNonExpired=true, AccountNonLocked=true, Granted Authorities=[ROLE_USER]], Credentials=[PROTECTED], Authenticated=true, Details=null, Granted Authorities=[ROLE_USER]]] to HttpSession [org.springframework.mock.web.MockHttpSession@20960817]
2025-10-05T09:18:52.856Z DEBUG 12986 --- [           main] o.s.security.web.FilterChainProxy        : Securing POST /api/orders
2025-10-05T09:18:52.856Z DEBUG 12986 --- [           main] w.c.HttpSessionSecurityContextRepository : Retrieved SecurityContextImpl [Authentication=UsernamePasswordAuthenticationToken [Principal=org.springframework.security.core.userdetails.User [Username=user, Password=[PROTECTED], Enabled=true, AccountNonExpired=true, credentialsNonExpired=true, AccountNonLocked=true, Granted Authorities=[ROLE_USER]], Credentials=[PROTECTED], Authenticated=true, Details=null, Granted Authorities=[ROLE_USER]]]
2025-10-05T09:18:52.856Z DEBUG 12986 --- [           main] o.s.security.web.FilterChainProxy        : Secured POST /api/orders
2025-10-05T09:18:52.857Z DEBUG 12986 --- [           main] s.w.s.m.m.a.RequestMappingHandlerMapping : Mapped to ua.edu.practice.controller.OrderController#createOrder(OrderDTO)
2025-10-05T09:18:52.893Z DEBUG 12986 --- [           main] m.m.a.RequestResponseBodyMethodProcessor : Read "application/json;charset=UTF-8" to [OrderDTO(orderId=ORD-123456, customerId=customer1, productName=Test Product, amount=100.00)]
2025-10-05T09:18:52.910Z  INFO 12986 --- [           main] u.e.practice.controller.OrderController  : Creating order for customer: customer1
2025-10-05T09:18:52.913Z DEBUG 12986 --- [           main] o.s.w.s.m.m.a.HttpEntityMethodProcessor  : Using 'application/json', given [*/*] and supported [application/json, application/*+json]
2025-10-05T09:18:52.913Z DEBUG 12986 --- [           main] o.s.w.s.m.m.a.HttpEntityMethodProcessor  : Writing [Order(id=1, orderId=ORD-123456, customerId=customer1, productName=Test Product, amount=100.00, statu (truncated)...]
]]></system-out>
  </testcase>
  <testcase name="processPayment_ValidData_Success" classname="ua.edu.practice.controller.OrderControllerTest" time="0.013">
    <system-out><![CDATA[2025-10-05T09:18:52.922Z DEBUG 12986 --- [           main] w.c.HttpSessionSecurityContextRepository : Created HttpSession as SecurityContext is non-default
2025-10-05T09:18:52.922Z DEBUG 12986 --- [           main] w.c.HttpSessionSecurityContextRepository : Stored SecurityContextImpl [Authentication=UsernamePasswordAuthenticationToken [Principal=org.springframework.security.core.userdetails.User [Username=user, Password=[PROTECTED], Enabled=true, AccountNonExpired=true, credentialsNonExpired=true, AccountNonLocked=true, Granted Authorities=[ROLE_USER]], Credentials=[PROTECTED], Authenticated=true, Details=null, Granted Authorities=[ROLE_USER]]] to HttpSession [org.springframework.mock.web.MockHttpSession@62fc0cfa]
2025-10-05T09:18:52.923Z DEBUG 12986 --- [           main] o.s.security.web.FilterChainProxy        : Securing POST /api/orders/ORD-123456/payment
2025-10-05T09:18:52.923Z DEBUG 12986 --- [           main] w.c.HttpSessionSecurityContextRepository : Retrieved SecurityContextImpl [Authentication=UsernamePasswordAuthenticationToken [Principal=org.springframework.security.core.userdetails.User [Username=user, Password=[PROTECTED], Enabled=true, AccountNonExpired=true, credentialsNonExpired=true, AccountNonLocked=true, Granted Authorities=[ROLE_USER]], Credentials=[PROTECTED], Authenticated=true, Details=null, Granted Authorities=[ROLE_USER]]]
2025-10-05T09:18:52.923Z DEBUG 12986 --- [           main] o.s.security.web.FilterChainProxy        : Secured POST /api/orders/ORD-123456/payment
2025-10-05T09:18:52.924Z DEBUG 12986 --- [           main] s.w.s.m.m.a.RequestMappingHandlerMapping : Mapped to ua.edu.practice.controller.OrderController#processPayment(String, BigDecimal)
2025-10-05T09:18:52.928Z  INFO 12986 --- [           main] u.e.practice.controller.OrderController  : Processing payment for order: ORD-123456 with amount: 100.00
2025-10-05T09:18:52.929Z DEBUG 12986 --- [           main] o.s.w.s.m.m.a.HttpEntityMethodProcessor  : Using 'application/json', given [*/*] and supported [application/json, application/*+json]
2025-10-05T09:18:52.929Z DEBUG 12986 --- [           main] o.s.w.s.m.m.a.HttpEntityMethodProcessor  : Writing [Order(id=1, orderId=ORD-123456, customerId=customer1, productName=Test Product, amount=100.00, statu (truncated)...]
]]></system-out>
  </testcase>
  <testcase name="getAllOrders_AdminRole_Success" classname="ua.edu.practice.controller.OrderControllerTest" time="0.041">
    <system-out><![CDATA[2025-10-05T09:18:52.936Z DEBUG 12986 --- [           main] w.c.HttpSessionSecurityContextRepository : Created HttpSession as SecurityContext is non-default
2025-10-05T09:18:52.936Z DEBUG 12986 --- [           main] w.c.HttpSessionSecurityContextRepository : Stored SecurityContextImpl [Authentication=UsernamePasswordAuthenticationToken [Principal=org.springframework.security.core.userdetails.User [Username=user, Password=[PROTECTED], Enabled=true, AccountNonExpired=true, credentialsNonExpired=true, AccountNonLocked=true, Granted Authorities=[ROLE_ADMIN]], Credentials=[PROTECTED], Authenticated=true, Details=null, Granted Authorities=[ROLE_ADMIN]]] to HttpSession [org.springframework.mock.web.MockHttpSession@2084c6e2]
2025-10-05T09:18:52.936Z DEBUG 12986 --- [           main] o.s.security.web.FilterChainProxy        : Securing GET /api/orders
2025-10-05T09:18:52.937Z DEBUG 12986 --- [           main] w.c.HttpSessionSecurityContextRepository : Retrieved SecurityContextImpl [Authentication=UsernamePasswordAuthenticationToken [Principal=org.springframework.security.core.userdetails.User [Username=user, Password=[PROTECTED], Enabled=true, AccountNonExpired=true, credentialsNonExpired=true, AccountNonLocked=true, Granted Authorities=[ROLE_ADMIN]], Credentials=[PROTECTED], Authenticated=true, Details=null, Granted Authorities=[ROLE_ADMIN]]]
2025-10-05T09:18:52.937Z DEBUG 12986 --- [           main] o.s.security.web.FilterChainProxy        : Secured GET /api/orders
2025-10-05T09:18:52.937Z DEBUG 12986 --- [           main] s.w.s.m.m.a.RequestMappingHandlerMapping : Mapped to ua.edu.practice.controller.OrderController#getAllOrders()
2025-10-05T09:18:52.937Z  INFO 12986 --- [           main] u.e.practice.controller.OrderController  : Getting all orders
2025-10-05T09:18:52.939Z DEBUG 12986 --- [           main] o.s.w.s.m.m.a.HttpEntityMethodProcessor  : Using 'application/json', given [*/*] and supported [application/json, application/*+json]
2025-10-05T09:18:52.939Z DEBUG 12986 --- [           main] o.s.w.s.m.m.a.HttpEntityMethodProcessor  : Writing [[Order(id=1, orderId=ORD-123456, customerId=customer1, productName=Test Product, amount=100.00, stat (truncated)...]
]]></system-out>
  </testcase>
  <testcase name="getOrderStatistics_AdminRole_Success" classname="ua.edu.practice.controller.OrderControllerTest" time="0.011">
    <system-out><![CDATA[2025-10-05T09:18:52.976Z DEBUG 12986 --- [           main] w.c.HttpSessionSecurityContextRepository : Created HttpSession as SecurityContext is non-default
2025-10-05T09:18:52.977Z DEBUG 12986 --- [           main] w.c.HttpSessionSecurityContextRepository : Stored SecurityContextImpl [Authentication=UsernamePasswordAuthenticationToken [Principal=org.springframework.security.core.userdetails.User [Username=user, Password=[PROTECTED], Enabled=true, AccountNonExpired=true, credentialsNonExpired=true, AccountNonLocked=true, Granted Authorities=[ROLE_ADMIN]], Credentials=[PROTECTED], Authenticated=true, Details=null, Granted Authorities=[ROLE_ADMIN]]] to HttpSession [org.springframework.mock.web.MockHttpSession@6629c70b]
2025-10-05T09:18:52.977Z DEBUG 12986 --- [           main] o.s.security.web.FilterChainProxy        : Securing GET /api/orders/statistics
2025-10-05T09:18:52.977Z DEBUG 12986 --- [           main] w.c.HttpSessionSecurityContextRepository : Retrieved SecurityContextImpl [Authentication=UsernamePasswordAuthenticationToken [Principal=org.springframework.security.core.userdetails.User [Username=user, Password=[PROTECTED], Enabled=true, AccountNonExpired=true, credentialsNonExpired=true, AccountNonLocked=true, Granted Authorities=[ROLE_ADMIN]], Credentials=[PROTECTED], Authenticated=true, Details=null, Granted Authorities=[ROLE_ADMIN]]]
2025-10-05T09:18:52.977Z DEBUG 12986 --- [           main] o.s.security.web.FilterChainProxy        : Secured GET /api/orders/statistics
2025-10-05T09:18:52.977Z DEBUG 12986 --- [           main] s.w.s.m.m.a.RequestMappingHandlerMapping : Mapped to ua.edu.practice.controller.OrderController#getOrderStatistics()
2025-10-05T09:18:52.978Z  INFO 12986 --- [           main] u.e.practice.controller.OrderController  : Getting order statistics
2025-10-05T09:18:52.982Z DEBUG 12986 --- [           main] o.s.w.s.m.m.a.HttpEntityMethodProcessor  : Using 'application/json', given [*/*] and supported [application/json, application/*+json]
2025-10-05T09:18:52.982Z DEBUG 12986 --- [           main] o.s.w.s.m.m.a.HttpEntityMethodProcessor  : Nothing to write: null body
]]></system-out>
  </testcase>
  <testcase name="getOrderById_ValidId_Success" classname="ua.edu.practice.controller.OrderControllerTest" time="0.009">
    <system-out><![CDATA[2025-10-05T09:18:52.990Z DEBUG 12986 --- [           main] w.c.HttpSessionSecurityContextRepository : Created HttpSession as SecurityContext is non-default
2025-10-05T09:18:52.990Z DEBUG 12986 --- [           main] w.c.HttpSessionSecurityContextRepository : Stored SecurityContextImpl [Authentication=UsernamePasswordAuthenticationToken [Principal=org.springframework.security.core.userdetails.User [Username=user, Password=[PROTECTED], Enabled=true, AccountNonExpired=true, credentialsNonExpired=true, AccountNonLocked=true, Granted Authorities=[ROLE_USER]], Credentials=[PROTECTED], Authenticated=true, Details=null, Granted Authorities=[ROLE_USER]]] to HttpSession [org.springframework.mock.web.MockHttpSession@2e0df85f]
2025-10-05T09:18:52.990Z DEBUG 12986 --- [           main] o.s.security.web.FilterChainProxy        : Securing GET /api/orders/1
2025-10-05T09:18:52.991Z DEBUG 12986 --- [           main] w.c.HttpSessionSecurityContextRepository : Retrieved SecurityContextImpl [Authentication=UsernamePasswordAuthenticationToken [Principal=org.springframework.security.core.userdetails.User [Username=user, Password=[PROTECTED], Enabled=true, AccountNonExpired=true, credentialsNonExpired=true, AccountNonLocked=true, Granted Authorities=[ROLE_USER]], Credentials=[PROTECTED], Authenticated=true, Details=null, Granted Authorities=[ROLE_USER]]]
2025-10-05T09:18:52.991Z DEBUG 12986 --- [           main] o.s.security.web.FilterChainProxy        : Secured GET /api/orders/1
2025-10-05T09:18:52.991Z DEBUG 12986 --- [           main] s.w.s.m.m.a.RequestMappingHandlerMapping : Mapped to ua.edu.practice.controller.OrderController#getOrderById(Long)
2025-10-05T09:18:52.991Z  INFO 12986 --- [           main] u.e.practice.controller.OrderController  : Getting order by ID: 1
2025-10-05T09:18:52.992Z DEBUG 12986 --- [           main] o.s.w.s.m.m.a.HttpEntityMethodProcessor  : Using 'application/json', given [*/*] and supported [application/json, application/*+json]
2025-10-05T09:18:52.993Z DEBUG 12986 --- [           main] o.s.w.s.m.m.a.HttpEntityMethodProcessor  : Writing [Order(id=1, orderId=ORD-123456, customerId=customer1, productName=Test Product, amount=100.00, statu (truncated)...]
]]></system-out>
  </testcase>
  <testcase name="getOrdersByCustomerId_ValidCustomerId_Success" classname="ua.edu.practice.controller.OrderControllerTest" time="0.011">
    <system-out><![CDATA[2025-10-05T09:18:53.002Z DEBUG 12986 --- [           main] w.c.HttpSessionSecurityContextRepository : Created HttpSession as SecurityContext is non-default
2025-10-05T09:18:53.003Z DEBUG 12986 --- [           main] w.c.HttpSessionSecurityContextRepository : Stored SecurityContextImpl [Authentication=UsernamePasswordAuthenticationToken [Principal=org.springframework.security.core.userdetails.User [Username=user, Password=[PROTECTED], Enabled=true, AccountNonExpired=true, credentialsNonExpired=true, AccountNonLocked=true, Granted Authorities=[ROLE_USER]], Credentials=[PROTECTED], Authenticated=true, Details=null, Granted Authorities=[ROLE_USER]]] to HttpSession [org.springframework.mock.web.MockHttpSession@52b61928]
2025-10-05T09:18:53.003Z DEBUG 12986 --- [           main] o.s.security.web.FilterChainProxy        : Securing GET /api/orders/customer/customer1
2025-10-05T09:18:53.003Z DEBUG 12986 --- [           main] w.c.HttpSessionSecurityContextRepository : Retrieved SecurityContextImpl [Authentication=UsernamePasswordAuthenticationToken [Principal=org.springframework.security.core.userdetails.User [Username=user, Password=[PROTECTED], Enabled=true, AccountNonExpired=true, credentialsNonExpired=true, AccountNonLocked=true, Granted Authorities=[ROLE_USER]], Credentials=[PROTECTED], Authenticated=true, Details=null, Granted Authorities=[ROLE_USER]]]
2025-10-05T09:18:53.003Z DEBUG 12986 --- [           main] o.s.security.web.FilterChainProxy        : Secured GET /api/orders/customer/customer1
2025-10-05T09:18:53.004Z DEBUG 12986 --- [           main] s.w.s.m.m.a.RequestMappingHandlerMapping : Mapped to ua.edu.practice.controller.OrderController#getOrdersByCustomerId(String)
2025-10-05T09:18:53.004Z  INFO 12986 --- [           main] u.e.practice.controller.OrderController  : Getting orders for customer: customer1
2025-10-05T09:18:53.005Z DEBUG 12986 --- [           main] o.s.w.s.m.m.a.HttpEntityMethodProcessor  : Using 'application/json', given [*/*] and supported [application/json, application/*+json]
2025-10-05T09:18:53.005Z DEBUG 12986 --- [           main] o.s.w.s.m.m.a.HttpEntityMethodProcessor  : Writing [[Order(id=1, orderId=ORD-123456, customerId=customer1, productName=Test Product, amount=100.00, stat (truncated)...]
]]></system-out>
  </testcase>
  <testcase name="generateOrderId_Always_Success" classname="ua.edu.practice.controller.OrderControllerTest" time="0.016">
    <failure message="Status expected:&lt;200&gt; but was:&lt;401&gt;" type="java.lang.AssertionError"><![CDATA[java.lang.AssertionError: Status expected:<200> but was:<401>
	at org.springframework.test.util.AssertionErrors.fail(AssertionErrors.java:59)
	at org.springframework.test.util.AssertionErrors.assertEquals(AssertionErrors.java:122)
	at org.springframework.test.web.servlet.result.StatusResultMatchers.lambda$matcher$9(StatusResultMatchers.java:637)
	at org.springframework.test.web.servlet.MockMvc$1.andExpect(MockMvc.java:214)
	at ua.edu.practice.controller.OrderControllerTest.generateOrderId_Always_Success(OrderControllerTest.java:212)
	at java.base/jdk.internal.reflect.DirectMethodHandleAccessor.invoke(DirectMethodHandleAccessor.java:103)
	at java.base/java.lang.reflect.Method.invoke(Method.java:580)
	at org.junit.platform.commons.util.ReflectionUtils.invokeMethod(ReflectionUtils.java:727)
	at org.junit.jupiter.engine.execution.MethodInvocation.proceed(MethodInvocation.java:60)
	at org.junit.jupiter.engine.execution.InvocationInterceptorChain$ValidatingInvocation.proceed(InvocationInterceptorChain.java:131)
	at org.junit.jupiter.engine.extension.TimeoutExtension.intercept(TimeoutExtension.java:156)
	at org.junit.jupiter.engine.extension.TimeoutExtension.interceptTestableMethod(TimeoutExtension.java:147)
	at org.junit.jupiter.engine.extension.TimeoutExtension.interceptTestMethod(TimeoutExtension.java:86)
	at org.junit.jupiter.engine.execution.InterceptingExecutableInvoker$ReflectiveInterceptorCall.lambda$ofVoidMethod$0(InterceptingExecutableInvoker.java:103)
	at org.junit.jupiter.engine.execution.InterceptingExecutableInvoker.lambda$invoke$0(InterceptingExecutableInvoker.java:93)
	at org.junit.jupiter.engine.execution.InvocationInterceptorChain$InterceptedInvocation.proceed(InvocationInterceptorChain.java:106)
	at org.junit.jupiter.engine.execution.InvocationInterceptorChain.proceed(InvocationInterceptorChain.java:64)
	at org.junit.jupiter.engine.execution.InvocationInterceptorChain.chainAndInvoke(InvocationInterceptorChain.java:45)
	at org.junit.jupiter.engine.execution.InvocationInterceptorChain.invoke(InvocationInterceptorChain.java:37)
	at org.junit.jupiter.engine.execution.InterceptingExecutableInvoker.invoke(InterceptingExecutableInvoker.java:92)
	at org.junit.jupiter.engine.execution.InterceptingExecutableInvoker.invoke(InterceptingExecutableInvoker.java:86)
	at org.junit.jupiter.engine.descriptor.TestMethodTestDescriptor.lambda$invokeTestMethod$7(TestMethodTestDescriptor.java:217)
	at org.junit.platform.engine.support.hierarchical.ThrowableCollector.execute(ThrowableCollector.java:73)
	at org.junit.jupiter.engine.descriptor.TestMethodTestDescriptor.invokeTestMethod(TestMethodTestDescriptor.java:213)
	at org.junit.jupiter.engine.descriptor.TestMethodTestDescriptor.execute(TestMethodTestDescriptor.java:138)
	at org.junit.jupiter.engine.descriptor.TestMethodTestDescriptor.execute(TestMethodTestDescriptor.java:68)
	at org.junit.platform.engine.support.hierarchical.NodeTestTask.lambda$executeRecursively$6(NodeTestTask.java:151)
	at org.junit.platform.engine.support.hierarchical.ThrowableCollector.execute(ThrowableCollector.java:73)
	at org.junit.platform.engine.support.hierarchical.NodeTestTask.lambda$executeRecursively$8(NodeTestTask.java:141)
	at org.junit.platform.engine.support.hierarchical.Node.around(Node.java:137)
	at org.junit.platform.engine.support.hierarchical.NodeTestTask.lambda$executeRecursively$9(NodeTestTask.java:139)
	at org.junit.platform.engine.support.hierarchical.ThrowableCollector.execute(ThrowableCollector.java:73)
	at org.junit.platform.engine.support.hierarchical.NodeTestTask.executeRecursively(NodeTestTask.java:138)
	at org.junit.platform.engine.support.hierarchical.NodeTestTask.execute(NodeTestTask.java:95)
	at java.base/java.util.ArrayList.forEach(ArrayList.java:1596)
	at org.junit.platform.engine.support.hierarchical.SameThreadHierarchicalTestExecutorService.invokeAll(SameThreadHierarchicalTestExecutorService.java:41)
	at org.junit.platform.engine.support.hierarchical.NodeTestTask.lambda$executeRecursively$6(NodeTestTask.java:155)
	at org.junit.platform.engine.support.hierarchical.ThrowableCollector.execute(ThrowableCollector.java:73)
	at org.junit.platform.engine.support.hierarchical.NodeTestTask.lambda$executeRecursively$8(NodeTestTask.java:141)
	at org.junit.platform.engine.support.hierarchical.Node.around(Node.java:137)
	at org.junit.platform.engine.support.hierarchical.NodeTestTask.lambda$executeRecursively$9(NodeTestTask.java:139)
	at org.junit.platform.engine.support.hierarchical.ThrowableCollector.execute(ThrowableCollector.java:73)
	at org.junit.platform.engine.support.hierarchical.NodeTestTask.executeRecursively(NodeTestTask.java:138)
	at org.junit.platform.engine.support.hierarchical.NodeTestTask.execute(NodeTestTask.java:95)
	at java.base/java.util.ArrayList.forEach(ArrayList.java:1596)
	at org.junit.platform.engine.support.hierarchical.SameThreadHierarchicalTestExecutorService.invokeAll(SameThreadHierarchicalTestExecutorService.java:41)
	at org.junit.platform.engine.support.hierarchical.NodeTestTask.lambda$executeRecursively$6(NodeTestTask.java:155)
	at org.junit.platform.engine.support.hierarchical.ThrowableCollector.execute(ThrowableCollector.java:73)
	at org.junit.platform.engine.support.hierarchical.NodeTestTask.lambda$executeRecursively$8(NodeTestTask.java:141)
	at org.junit.platform.engine.support.hierarchical.Node.around(Node.java:137)
	at org.junit.platform.engine.support.hierarchical.NodeTestTask.lambda$executeRecursively$9(NodeTestTask.java:139)
	at org.junit.platform.engine.support.hierarchical.ThrowableCollector.execute(ThrowableCollector.java:73)
	at org.junit.platform.engine.support.hierarchical.NodeTestTask.executeRecursively(NodeTestTask.java:138)
	at org.junit.platform.engine.support.hierarchical.NodeTestTask.execute(NodeTestTask.java:95)
	at org.junit.platform.engine.support.hierarchical.SameThreadHierarchicalTestExecutorService.submit(SameThreadHierarchicalTestExecutorService.java:35)
	at org.junit.platform.engine.support.hierarchical.HierarchicalTestExecutor.execute(HierarchicalTestExecutor.java:57)
	at org.junit.platform.engine.support.hierarchical.HierarchicalTestEngine.execute(HierarchicalTestEngine.java:54)
	at org.junit.platform.launcher.core.EngineExecutionOrchestrator.execute(EngineExecutionOrchestrator.java:147)
	at org.junit.platform.launcher.core.EngineExecutionOrchestrator.execute(EngineExecutionOrchestrator.java:127)
	at org.junit.platform.launcher.core.EngineExecutionOrchestrator.execute(EngineExecutionOrchestrator.java:90)
	at org.junit.platform.launcher.core.EngineExecutionOrchestrator.lambda$execute$0(EngineExecutionOrchestrator.java:55)
	at org.junit.platform.launcher.core.EngineExecutionOrchestrator.withInterceptedStreams(EngineExecutionOrchestrator.java:102)
	at org.junit.platform.launcher.core.EngineExecutionOrchestrator.execute(EngineExecutionOrchestrator.java:54)
	at org.junit.platform.launcher.core.DefaultLauncher.execute(DefaultLauncher.java:114)
	at org.junit.platform.launcher.core.DefaultLauncher.execute(DefaultLauncher.java:86)
	at org.junit.platform.launcher.core.DefaultLauncherSession$DelegatingLauncher.execute(DefaultLauncherSession.java:86)
	at org.apache.maven.surefire.junitplatform.LazyLauncher.execute(LazyLauncher.java:50)
	at org.apache.maven.surefire.junitplatform.JUnitPlatformProvider.execute(JUnitPlatformProvider.java:184)
	at org.apache.maven.surefire.junitplatform.JUnitPlatformProvider.invokeAllTests(JUnitPlatformProvider.java:148)
	at org.apache.maven.surefire.junitplatform.JUnitPlatformProvider.invoke(JUnitPlatformProvider.java:122)
	at org.apache.maven.surefire.booter.ForkedBooter.runSuitesInProcess(ForkedBooter.java:385)
	at org.apache.maven.surefire.booter.ForkedBooter.execute(ForkedBooter.java:162)
	at org.apache.maven.surefire.booter.ForkedBooter.run(ForkedBooter.java:507)
	at org.apache.maven.surefire.booter.ForkedBooter.main(ForkedBooter.java:495)
]]></failure>
    <system-out><![CDATA[2025-10-05T09:18:53.013Z DEBUG 12986 --- [           main] o.s.security.web.FilterChainProxy        : Securing GET /api/orders/generate-order-id
2025-10-05T09:18:53.014Z DEBUG 12986 --- [           main] o.s.s.w.a.AnonymousAuthenticationFilter  : Set SecurityContextHolder to anonymous SecurityContext
2025-10-05T09:18:53.018Z DEBUG 12986 --- [           main] o.s.s.w.s.HttpSessionRequestCache        : Saved request http://localhost/api/orders/generate-order-id?continue to session
2025-10-05T09:18:53.023Z DEBUG 12986 --- [           main] s.w.a.DelegatingAuthenticationEntryPoint : Trying to match using And [Not [RequestHeaderRequestMatcher [expectedHeaderName=X-Requested-With, expectedHeaderValue=XMLHttpRequest]], MediaTypeRequestMatcher [contentNegotiationStrategy=org.springframework.web.accept.ContentNegotiationManager@6cd86ee4, matchingMediaTypes=[application/xhtml+xml, image/*, text/html, text/plain], useEquals=false, ignoredMediaTypes=[*/*]]]
2025-10-05T09:18:53.023Z DEBUG 12986 --- [           main] s.w.a.DelegatingAuthenticationEntryPoint : Trying to match using Or [RequestHeaderRequestMatcher [expectedHeaderName=X-Requested-With, expectedHeaderValue=XMLHttpRequest], And [Not [MediaTypeRequestMatcher [contentNegotiationStrategy=org.springframework.web.accept.ContentNegotiationManager@6cd86ee4, matchingMediaTypes=[text/html], useEquals=false, ignoredMediaTypes=[]]], MediaTypeRequestMatcher [contentNegotiationStrategy=org.springframework.web.accept.ContentNegotiationManager@6cd86ee4, matchingMediaTypes=[application/atom+xml, application/x-www-form-urlencoded, application/json, application/octet-stream, application/xml, multipart/form-data, text/xml], useEquals=false, ignoredMediaTypes=[*/*]]], MediaTypeRequestMatcher [contentNegotiationStrategy=org.springframework.web.accept.ContentNegotiationManager@6cd86ee4, matchingMediaTypes=[*/*], useEquals=true, ignoredMediaTypes=[]]]
2025-10-05T09:18:53.023Z DEBUG 12986 --- [           main] s.w.a.DelegatingAuthenticationEntryPoint : Match found! Executing org.springframework.security.web.authentication.DelegatingAuthenticationEntryPoint@508564d4
2025-10-05T09:18:53.023Z DEBUG 12986 --- [           main] s.w.a.DelegatingAuthenticationEntryPoint : Trying to match using RequestHeaderRequestMatcher [expectedHeaderName=X-Requested-With, expectedHeaderValue=XMLHttpRequest]
2025-10-05T09:18:53.023Z DEBUG 12986 --- [           main] s.w.a.DelegatingAuthenticationEntryPoint : No match found. Using default entry point org.springframework.security.web.authentication.www.BasicAuthenticationEntryPoint@7964fb99

MockHttpServletRequest:
      HTTP Method = GET
      Request URI = /api/orders/generate-order-id
       Parameters = {}
          Headers = []
             Body = null
    Session Attrs = {SPRING_SECURITY_SAVED_REQUEST=DefaultSavedRequest [http://localhost/api/orders/generate-order-id?continue]}

Handler:
             Type = null

Async:
    Async started = false
     Async result = null

Resolved Exception:
             Type = null

ModelAndView:
        View name = null
             View = null
            Model = null

FlashMap:
       Attributes = null

MockHttpServletResponse:
           Status = 401
    Error message = Unauthorized
          Headers = [WWW-Authenticate:"Basic realm="Realm"", X-Content-Type-Options:"nosniff", X-XSS-Protection:"0", Cache-Control:"no-cache, no-store, max-age=0, must-revalidate", Pragma:"no-cache", Expires:"0", X-Frame-Options:"DENY"]
     Content type = null
             Body = 
    Forwarded URL = null
   Redirected URL = null
          Cookies = []
]]></system-out>
  </testcase>
  <testcase name="updateOrderStatus_AdminRole_Success" classname="ua.edu.practice.controller.OrderControllerTest" time="0.013">
    <system-out><![CDATA[2025-10-05T09:18:53.032Z DEBUG 12986 --- [           main] w.c.HttpSessionSecurityContextRepository : Created HttpSession as SecurityContext is non-default
2025-10-05T09:18:53.032Z DEBUG 12986 --- [           main] w.c.HttpSessionSecurityContextRepository : Stored SecurityContextImpl [Authentication=UsernamePasswordAuthenticationToken [Principal=org.springframework.security.core.userdetails.User [Username=user, Password=[PROTECTED], Enabled=true, AccountNonExpired=true, credentialsNonExpired=true, AccountNonLocked=true, Granted Authorities=[ROLE_ADMIN]], Credentials=[PROTECTED], Authenticated=true, Details=null, Granted Authorities=[ROLE_ADMIN]]] to HttpSession [org.springframework.mock.web.MockHttpSession@6b7e85d3]
2025-10-05T09:18:53.033Z DEBUG 12986 --- [           main] o.s.security.web.FilterChainProxy        : Securing PUT /api/orders/1/status
2025-10-05T09:18:53.033Z DEBUG 12986 --- [           main] w.c.HttpSessionSecurityContextRepository : Retrieved SecurityContextImpl [Authentication=UsernamePasswordAuthenticationToken [Principal=org.springframework.security.core.userdetails.User [Username=user, Password=[PROTECTED], Enabled=true, AccountNonExpired=true, credentialsNonExpired=true, AccountNonLocked=true, Granted Authorities=[ROLE_ADMIN]], Credentials=[PROTECTED], Authenticated=true, Details=null, Granted Authorities=[ROLE_ADMIN]]]
2025-10-05T09:18:53.033Z DEBUG 12986 --- [           main] o.s.security.web.FilterChainProxy        : Secured PUT /api/orders/1/status
2025-10-05T09:18:53.034Z DEBUG 12986 --- [           main] s.w.s.m.m.a.RequestMappingHandlerMapping : Mapped to ua.edu.practice.controller.OrderController#updateOrderStatus(Long, OrderStatus)
2025-10-05T09:18:53.036Z  INFO 12986 --- [           main] u.e.practice.controller.OrderController  : Updating order 1 status to: PROCESSING
2025-10-05T09:18:53.037Z DEBUG 12986 --- [           main] o.s.w.s.m.m.a.HttpEntityMethodProcessor  : Using 'application/json', given [*/*] and supported [application/json, application/*+json]
2025-10-05T09:18:53.037Z DEBUG 12986 --- [           main] o.s.w.s.m.m.a.HttpEntityMethodProcessor  : Writing [Order(id=1, orderId=ORD-123456, customerId=customer1, productName=Test Product, amount=100.00, statu (truncated)...]
]]></system-out>
  </testcase>
</testsuite>